SF:lib/core/app_theme.dart
DA:6,8
DA:10,12
DA:14,4
DA:15,4
DA:17,4
DA:20,4
DA:23,4
DA:24,4
DA:25,8
DA:26,4
DA:28,4
DA:29,4
DA:30,12
DA:35,4
DA:40,12
DA:41,4
DA:42,4
DA:44,8
DA:52,8
DA:53,4
DA:54,8
DA:56,4
DA:57,4
DA:64,4
DA:65,4
DA:67,4
DA:70,4
DA:71,4
DA:72,4
DA:75,4
DA:77,12
DA:81,4
DA:82,8
DA:84,4
DA:85,4
DA:86,4
DA:91,8
DA:92,4
DA:93,8
DA:94,8
DA:103,4
DA:104,4
DA:105,8
DA:106,4
DA:109,4
DA:110,4
DA:111,4
DA:112,4
DA:114,8
DA:115,4
DA:117,4
DA:118,4
DA:119,12
DA:122,12
DA:123,4
DA:125,4
DA:130,8
DA:131,8
DA:137,4
DA:138,4
DA:140,4
DA:141,4
DA:142,4
DA:143,4
DA:145,4
DA:146,8
DA:148,4
DA:149,4
DA:156,8
DA:157,4
DA:163,20
DA:165,4
DA:166,8
DA:171,8
DA:175,8
DA:177,4
DA:178,8
DA:187,4
DA:188,4
DA:191,4
DA:192,4
DA:193,4
DA:197,0
DA:202,0
DA:204,0
LF:85
LH:82
end_of_record
SF:lib/core/constants/app_colors.dart
DA:4,0
DA:14,6
DA:15,2
DA:16,2
DA:17,2
DA:18,2
DA:19,2
DA:20,2
DA:21,2
DA:22,2
DA:23,2
DA:24,2
DA:25,2
DA:26,2
DA:30,6
DA:31,2
DA:32,2
DA:33,2
DA:34,2
DA:35,2
DA:36,2
DA:37,2
DA:38,2
DA:39,2
DA:40,2
DA:41,2
DA:42,2
DA:46,12
DA:47,4
DA:48,4
DA:49,4
DA:50,4
DA:51,4
DA:52,4
DA:53,4
DA:54,4
DA:55,4
DA:56,4
DA:57,4
DA:58,4
DA:62,12
DA:63,4
DA:64,4
DA:65,4
DA:66,4
DA:67,4
DA:68,4
DA:69,4
DA:70,4
DA:71,4
DA:72,4
DA:73,4
DA:74,4
DA:94,0
DA:95,0
DA:96,0
DA:97,0
DA:98,0
DA:99,0
DA:100,0
DA:101,0
DA:102,0
DA:103,0
DA:104,0
DA:105,0
DA:106,0
DA:110,0
DA:111,0
DA:112,0
DA:113,0
DA:114,0
DA:115,0
DA:116,0
DA:117,0
DA:118,0
DA:119,0
DA:120,0
DA:121,0
DA:122,0
DA:126,12
DA:127,4
DA:142,8
DA:158,0
DA:159,0
LF:84
LH:55
end_of_record
SF:lib/core/constants/app_contants.dart
DA:4,0
DA:6,4
DA:8,0
DA:9,0
DA:10,0
LF:5
LH:1
end_of_record
SF:lib/core/constants/app_fonts.dart
DA:2,0
LF:1
LH:0
end_of_record
SF:lib/core/constants/app_icons.dart
DA:5,0
DA:6,0
DA:7,4
DA:8,4
DA:9,4
DA:10,4
DA:11,4
DA:12,4
LF:8
LH:6
end_of_record
SF:lib/core/constants/app_images.dart
DA:6,0
DA:7,2
DA:9,4
DA:11,2
DA:12,2
DA:14,2
DA:16,4
DA:18,2
DA:20,2
DA:22,2
DA:24,2
LF:11
LH:10
end_of_record
SF:lib/core/constants/app_strings.dart
DA:2,0
LF:1
LH:0
end_of_record
SF:lib/core/constants/app_widget_keys.dart
DA:7,0
DA:9,4
DA:10,4
DA:11,4
DA:12,4
DA:13,4
DA:15,2
DA:17,4
LF:8
LH:7
end_of_record
SF:lib/core/exceptions.dart
DA:4,0
DA:8,0
DA:12,0
DA:16,0
DA:20,0
DA:24,0
DA:28,0
DA:32,0
DA:38,0
LF:9
LH:0
end_of_record
SF:lib/core/extensions/flexible_extension.dart
DA:6,0
DA:8,0
DA:9,0
DA:10,0
DA:12,0
DA:13,0
DA:14,0
DA:20,3
DA:21,3
DA:22,3
DA:23,6
DA:24,3
DA:25,3
DA:26,15
LF:14
LH:7
end_of_record
SF:lib/core/navigator/app_navigator.dart
DA:7,4
DA:8,4
DA:9,4
LF:3
LH:3
end_of_record
SF:lib/core/navigator/auth_navigator.dart
DA:7,8
DA:8,0
DA:9,0
DA:14,0
DA:15,0
DA:20,0
DA:21,0
LF:7
LH:1
end_of_record
SF:lib/core/navigator/dash_navigator.dart
DA:7,8
DA:8,0
DA:9,0
DA:14,0
DA:15,0
DA:20,1
DA:21,1
DA:26,1
DA:27,1
DA:32,0
DA:33,0
LF:11
LH:5
end_of_record
SF:lib/core/navigator/base_navigator.dart
DA:6,4
DA:8,2
DA:9,6
DA:10,2
DA:14,1
DA:15,3
DA:18,0
DA:19,0
DA:20,0
DA:24,0
DA:25,0
DA:26,0
DA:27,0
LF:13
LH:6
end_of_record
SF:lib/core/navigator/route_transition.dart
DA:6,12
DA:9,2
DA:12,2
DA:13,0
DA:14,0
DA:19,2
DA:20,2
DA:27,0
DA:29,0
DA:31,0
DA:32,0
DA:33,0
DA:34,0
LF:13
LH:5
end_of_record
SF:lib/core/utils/angle.dart
DA:5,3
DA:6,12
DA:7,4
LF:3
LH:3
end_of_record
SF:lib/core/utils/money.dart
DA:5,0
DA:6,0
DA:11,0
DA:12,0
LF:4
LH:0
end_of_record
SF:lib/core/utils/pairs.dart
DA:4,0
DA:11,0
DA:19,0
LF:3
LH:0
end_of_record
SF:lib/core/utils/regex_helper.dart
DA:2,0
DA:3,0
DA:6,0
DA:7,0
DA:10,0
DA:11,0
DA:14,0
DA:15,0
LF:8
LH:0
end_of_record
SF:lib/core/utils/test_utils.dart
DA:4,0
DA:5,0
DA:6,0
LF:3
LH:0
end_of_record
SF:lib/environment.dart
DA:2,0
DA:5,0
DA:7,0
DA:9,0
DA:11,0
DA:29,0
DA:30,0
DA:31,0
DA:32,0
LF:9
LH:0
end_of_record
SF:lib/presentation/dashboard/cry_record_page.dart
DA:14,6
DA:16,2
DA:17,2
DA:23,2
DA:25,2
DA:27,2
DA:29,2
DA:31,2
DA:32,2
DA:33,2
DA:34,2
DA:35,2
DA:38,2
DA:40,2
DA:41,2
DA:50,2
DA:51,2
DA:52,2
DA:53,2
DA:54,4
DA:55,2
DA:56,2
DA:57,2
DA:58,2
DA:59,0
DA:61,0
DA:62,0
DA:67,4
DA:68,2
DA:69,4
DA:70,2
DA:71,2
DA:74,4
DA:75,2
DA:77,2
DA:79,4
DA:80,2
DA:81,4
DA:82,2
DA:83,2
DA:84,2
DA:88,4
DA:98,2
DA:100,2
DA:101,2
DA:114,0
DA:115,0
DA:116,0
DA:121,0
DA:122,0
DA:123,0
DA:127,2
DA:129,2
DA:130,4
DA:131,4
DA:137,4
DA:138,2
DA:139,4
DA:140,4
DA:142,14
DA:143,2
DA:144,14
DA:145,2
DA:153,2
DA:155,4
DA:157,2
DA:158,2
DA:159,2
DA:160,2
DA:162,2
DA:163,2
DA:165,8
DA:166,2
DA:167,2
DA:168,0
DA:169,0
DA:170,0
DA:171,0
DA:173,0
DA:176,0
DA:177,0
DA:178,0
DA:181,2
DA:182,6
DA:183,2
DA:184,2
DA:185,4
DA:188,4
DA:189,4
DA:194,2
DA:201,2
DA:202,2
DA:204,2
DA:206,2
DA:207,10
DA:208,2
DA:209,4
DA:210,2
DA:211,0
DA:212,0
DA:213,0
DA:214,0
DA:216,2
DA:217,2
DA:218,4
DA:219,4
DA:220,2
DA:222,2
DA:225,2
DA:226,2
DA:227,2
DA:231,2
DA:232,2
DA:239,2
DA:240,2
DA:241,2
DA:242,2
DA:243,6
DA:244,4
DA:252,2
DA:253,2
DA:254,2
DA:255,2
DA:262,2
DA:271,2
DA:273,2
DA:274,2
DA:281,2
DA:288,2
DA:289,2
DA:290,6
DA:292,8
DA:294,2
DA:297,4
DA:298,2
DA:299,4
DA:300,2
DA:308,2
DA:311,2
DA:313,2
DA:315,2
DA:317,2
DA:318,6
DA:319,2
DA:331,2
DA:333,2
DA:335,4
DA:336,8
DA:337,4
DA:347,2
DA:376,2
DA:378,4
DA:379,2
DA:381,2
DA:384,2
DA:386,2
DA:388,2
DA:389,4
DA:390,2
DA:391,4
DA:392,2
DA:394,2
DA:395,2
DA:396,2
DA:403,2
DA:404,2
DA:405,2
DA:407,2
DA:408,2
DA:409,2
DA:410,4
DA:411,2
DA:412,4
DA:415,2
DA:416,2
DA:417,2
DA:418,2
DA:422,2
DA:423,2
DA:424,2
DA:425,4
DA:433,2
DA:435,2
DA:436,2
DA:439,4
DA:446,2
DA:448,2
DA:449,2
DA:451,2
DA:452,2
DA:453,2
DA:454,2
DA:455,2
DA:476,2
DA:489,2
DA:490,2
DA:492,2
DA:494,4
DA:495,2
DA:496,2
DA:497,2
DA:498,2
DA:499,2
DA:500,2
DA:502,2
DA:503,2
DA:504,2
DA:511,2
DA:513,2
DA:514,2
DA:516,2
DA:519,2
DA:520,2
DA:521,4
DA:522,2
DA:523,4
DA:526,2
DA:527,2
DA:528,2
DA:529,4
DA:533,2
DA:536,4
DA:537,2
DA:545,2
DA:547,2
DA:548,2
DA:549,2
DA:552,4
DA:553,2
DA:554,2
DA:555,4
DA:556,2
DA:559,2
DA:571,4
DA:572,2
DA:573,2
DA:575,2
DA:576,4
DA:577,2
DA:578,2
DA:581,2
DA:583,2
DA:584,4
DA:585,4
DA:586,2
DA:588,4
DA:593,4
DA:594,2
DA:595,2
DA:597,4
DA:603,2
DA:604,2
DA:605,1
DA:606,4
DA:623,2
DA:628,2
DA:630,2
DA:631,2
DA:632,6
DA:633,2
DA:634,2
DA:636,2
DA:637,2
DA:638,2
DA:639,2
DA:641,2
DA:642,2
DA:643,2
DA:644,2
DA:645,2
DA:647,2
DA:654,2
DA:656,2
DA:657,2
DA:658,4
DA:659,4
DA:664,2
DA:666,4
DA:667,8
DA:672,2
DA:675,2
DA:691,2
DA:692,4
DA:693,2
DA:694,2
DA:695,2
DA:702,2
DA:708,2
DA:710,2
DA:715,8
DA:716,8
DA:717,2
DA:718,2
DA:721,2
DA:724,2
DA:732,2
DA:735,2
DA:736,2
DA:740,2
DA:742,2
DA:743,2
DA:744,2
DA:745,2
DA:746,2
DA:747,4
DA:748,2
DA:749,2
DA:750,2
DA:751,2
DA:752,2
DA:753,2
DA:755,2
DA:760,2
DA:761,2
DA:762,2
DA:763,2
DA:765,6
DA:767,2
DA:769,2
DA:781,2
DA:782,4
DA:783,8
DA:785,2
LF:323
LH:302
end_of_record
SF:lib/service_container.dart
DA:8,12
DA:12,4
DA:13,8
DA:14,8
DA:15,10
DA:19,0
DA:20,0
DA:21,0
DA:22,0
DA:24,0
DA:25,0
DA:27,0
DA:30,6
DA:32,0
DA:34,4
DA:36,4
DA:37,10
DA:40,0
DA:43,0
DA:45,0
DA:46,0
DA:53,0
DA:55,0
DA:60,0
DA:61,0
DA:62,6
DA:68,0
DA:69,0
DA:71,0
DA:72,0
DA:76,0
DA:82,8
DA:83,0
LF:33
LH:11
end_of_record
SF:lib/presentation/onboarding/onboarding_page.dart
DA:10,6
DA:12,1
DA:13,1
DA:57,1
DA:59,1
DA:60,2
DA:63,1
DA:65,5
DA:66,2
DA:68,1
DA:69,2
DA:70,1
DA:71,1
DA:72,2
DA:73,1
DA:75,1
DA:76,1
DA:77,1
DA:78,1
DA:79,1
DA:82,1
DA:83,1
DA:85,1
DA:87,1
DA:88,3
DA:89,4
DA:93,1
DA:95,3
DA:96,1
DA:97,1
DA:98,1
DA:99,2
DA:100,1
DA:101,1
DA:102,3
DA:103,1
DA:104,1
DA:106,2
DA:107,3
DA:108,2
DA:109,1
DA:110,1
DA:113,1
DA:115,4
DA:116,1
DA:117,3
DA:123,1
DA:132,1
DA:134,1
DA:136,1
DA:137,2
DA:138,1
DA:140,1
DA:141,2
DA:142,1
DA:143,1
DA:144,2
DA:145,3
DA:146,1
DA:149,2
DA:151,2
DA:152,1
DA:153,1
DA:155,1
DA:156,1
DA:157,1
DA:158,1
DA:159,1
DA:160,1
DA:161,3
DA:163,2
DA:168,1
DA:169,1
DA:170,3
DA:174,2
DA:185,1
DA:187,1
DA:188,5
DA:189,1
DA:190,1
DA:191,2
DA:192,2
DA:193,2
DA:195,2
DA:196,1
DA:203,1
DA:205,2
DA:208,1
DA:209,1
DA:210,1
DA:212,2
DA:213,2
DA:215,2
DA:216,1
DA:222,4
DA:224,1
DA:240,1
DA:241,1
DA:243,1
DA:245,1
DA:247,2
DA:248,2
DA:249,1
DA:251,3
DA:264,1
LF:105
LH:105
end_of_record
SF:lib/presentation/widget/app_scaffold.dart
DA:11,4
DA:20,0
DA:21,0
DA:24,4
DA:25,4
DA:29,4
DA:31,4
DA:32,8
DA:33,4
DA:34,8
DA:35,8
DA:39,4
DA:40,4
DA:41,10
DA:42,8
DA:44,8
DA:45,4
LF:17
LH:15
end_of_record
SF:lib/presentation/preloader_page.dart
DA:10,6
DA:12,2
DA:13,2
DA:23,2
DA:25,2
DA:26,4
DA:29,2
DA:31,10
DA:32,2
DA:33,2
DA:35,6
DA:36,0
DA:40,4
DA:41,1
DA:45,2
DA:47,4
DA:48,2
DA:52,1
DA:53,1
DA:54,4
DA:57,2
DA:74,2
DA:79,2
DA:81,2
DA:82,2
DA:83,2
DA:84,2
DA:85,2
DA:86,2
DA:88,2
DA:89,2
DA:92,2
DA:94,2
DA:96,2
DA:97,2
DA:100,2
DA:103,2
DA:108,2
DA:109,2
DA:110,2
DA:111,2
DA:112,8
DA:113,2
DA:114,10
DA:115,8
DA:116,2
DA:121,2
DA:123,2
DA:124,2
DA:125,2
DA:126,2
DA:128,10
DA:140,2
DA:142,2
DA:143,2
DA:144,2
DA:146,2
DA:147,2
DA:148,2
DA:150,4
DA:151,4
DA:152,6
DA:153,4
DA:154,2
DA:157,2
DA:164,0
LF:66
LH:64
end_of_record
SF:lib/presentation/splash_screen.dart
DA:14,1
DA:16,1
DA:17,1
DA:23,1
DA:25,1
DA:26,2
DA:27,0
DA:32,0
DA:33,0
DA:34,0
DA:37,1
DA:39,1
DA:40,1
DA:41,1
DA:42,1
DA:44,1
DA:46,1
DA:47,1
DA:49,2
DA:50,1
DA:52,1
DA:53,2
DA:55,1
DA:56,1
DA:58,1
DA:62,1
DA:76,1
DA:78,1
DA:79,1
DA:86,1
DA:88,1
DA:89,1
DA:93,1
DA:94,5
DA:95,2
DA:96,2
DA:97,2
DA:100,2
DA:101,1
DA:107,0
DA:108,0
DA:113,1
DA:115,1
DA:116,2
DA:119,1
DA:122,1
DA:123,1
DA:124,1
DA:126,1
DA:128,2
DA:129,2
DA:130,2
DA:131,1
DA:132,1
DA:133,5
DA:136,3
DA:143,0
DA:145,0
DA:146,0
DA:147,0
DA:148,0
DA:149,0
DA:150,0
DA:151,0
DA:152,0
DA:156,0
DA:157,0
DA:158,0
DA:162,0
DA:166,1
DA:169,1
LF:71
LH:52
end_of_record
SF:lib/presentation/widget/animations/animted_circled_children.dart
DA:30,0
DA:53,0
DA:54,0
DA:64,0
DA:66,0
DA:67,0
DA:70,0
DA:71,0
DA:72,0
DA:73,0
DA:74,0
DA:75,0
DA:76,0
DA:77,0
DA:81,0
DA:82,0
DA:83,0
DA:86,0
DA:88,0
DA:91,0
DA:93,0
DA:94,0
DA:97,0
DA:99,0
DA:100,0
DA:101,0
DA:102,0
DA:103,0
DA:104,0
DA:105,0
DA:108,0
DA:110,0
DA:111,0
DA:114,0
DA:115,0
DA:116,0
DA:117,0
DA:118,0
DA:119,0
DA:120,0
DA:121,0
DA:122,0
DA:123,0
DA:124,0
DA:125,0
DA:126,0
DA:127,0
DA:129,0
DA:130,0
DA:133,0
DA:134,0
DA:135,0
DA:137,0
DA:138,0
DA:141,0
DA:142,0
DA:143,0
DA:145,0
DA:146,0
DA:148,0
DA:150,0
DA:151,0
DA:152,0
DA:153,0
DA:154,0
DA:156,0
DA:158,0
DA:159,0
DA:164,0
DA:165,0
DA:166,0
DA:167,0
DA:168,0
DA:169,0
DA:170,0
DA:171,0
DA:172,0
DA:173,0
DA:174,0
DA:176,0
DA:177,0
DA:180,0
DA:181,0
DA:182,0
DA:184,0
DA:185,0
DA:188,0
DA:189,0
DA:190,0
DA:192,0
DA:193,0
DA:195,0
DA:196,0
DA:197,0
DA:198,0
DA:199,0
DA:200,0
DA:201,0
DA:202,0
DA:203,0
DA:205,0
DA:206,0
DA:207,0
DA:209,0
DA:212,0
DA:213,0
DA:214,0
DA:215,0
DA:216,0
DA:217,0
DA:218,0
DA:219,0
DA:220,0
DA:221,0
DA:225,0
DA:235,0
DA:236,0
DA:237,0
DA:238,0
DA:239,0
DA:240,0
DA:242,0
DA:243,0
DA:244,0
DA:246,0
DA:248,0
DA:250,0
DA:260,0
DA:262,0
DA:263,0
DA:264,0
DA:265,0
DA:274,0
DA:275,0
DA:276,0
DA:277,0
DA:278,0
DA:281,0
DA:282,0
DA:285,0
DA:287,0
DA:288,0
DA:297,0
LF:143
LH:0
end_of_record
SF:lib/presentation/widget/animations/radial_drag_gesture_detector.dart
DA:12,0
DA:21,0
DA:23,0
DA:27,0
DA:28,0
DA:29,0
DA:30,0
DA:34,0
DA:35,0
DA:36,0
DA:37,0
DA:41,0
DA:42,0
DA:43,0
DA:47,0
DA:51,0
DA:54,0
DA:58,0
DA:60,0
DA:63,0
DA:65,0
DA:66,0
DA:67,0
DA:68,0
DA:69,0
DA:70,0
DA:71,0
DA:82,0
DA:85,0
DA:86,0
DA:90,0
DA:91,0
DA:92,0
DA:93,0
DA:94,0
DA:98,0
DA:100,0
DA:102,0
DA:103,0
DA:120,0
LF:40
LH:0
end_of_record
SF:lib/presentation/widget/animations/water_wave.dart
DA:20,2
DA:34,2
DA:35,2
DA:46,2
DA:47,8
DA:48,2
DA:49,10
DA:50,10
DA:51,2
DA:52,2
DA:53,2
DA:55,8
DA:57,2
DA:58,2
DA:59,4
DA:60,6
DA:61,2
DA:64,4
DA:66,2
DA:67,1
DA:69,2
DA:70,0
DA:76,2
DA:78,2
DA:81,4
DA:82,0
DA:83,0
DA:84,0
DA:85,0
DA:92,2
DA:93,2
DA:94,8
DA:95,6
DA:96,6
DA:97,6
DA:98,6
DA:99,8
DA:100,2
DA:101,2
DA:102,2
DA:103,2
DA:104,2
DA:105,0
DA:109,4
DA:110,4
DA:111,4
DA:112,4
DA:113,6
DA:115,4
DA:124,2
DA:125,4
DA:126,2
DA:130,2
DA:132,2
DA:133,2
DA:136,2
DA:138,2
DA:139,2
DA:140,2
DA:143,2
DA:145,2
DA:146,2
DA:147,4
DA:148,4
DA:150,2
DA:151,2
DA:166,2
DA:197,2
DA:208,2
DA:210,2
DA:211,2
DA:212,2
DA:213,2
DA:214,2
DA:215,2
DA:216,8
DA:217,8
DA:220,4
DA:221,4
DA:223,2
DA:224,12
DA:225,8
DA:226,4
DA:227,2
DA:228,2
DA:229,10
DA:232,8
DA:233,6
DA:234,4
DA:235,2
DA:236,6
DA:238,2
DA:239,0
DA:240,0
DA:241,0
DA:242,0
DA:244,0
DA:245,0
DA:246,0
DA:247,0
DA:249,2
DA:250,0
DA:253,4
DA:254,6
DA:257,2
DA:259,8
DA:260,4
DA:261,2
DA:264,2
DA:269,2
DA:271,4
DA:272,6
DA:274,4
DA:275,6
DA:278,2
DA:279,14
LF:116
LH:101
end_of_record
SF:lib/presentation/widget/animations/water_wave_config.dart
DA:12,2
DA:14,0
DA:15,0
DA:16,0
DA:29,2
DA:37,4
DA:39,0
DA:42,2
DA:43,4
DA:46,0
DA:50,2
DA:51,4
DA:53,0
DA:56,2
DA:57,4
DA:59,0
DA:62,2
DA:63,4
DA:67,6
DA:68,6
DA:69,0
DA:74,2
DA:75,2
DA:77,2
DA:81,0
DA:85,0
LF:26
LH:16
end_of_record
SF:lib/presentation/widget/custom_appbar.dart
DA:10,2
DA:23,6
DA:25,2
DA:39,2
DA:41,2
DA:43,4
DA:45,2
DA:46,4
DA:48,0
DA:49,4
DA:52,2
DA:53,2
DA:54,2
DA:59,2
DA:60,2
DA:62,2
DA:63,8
DA:64,2
DA:68,2
DA:69,2
DA:70,0
DA:73,2
DA:74,2
DA:75,2
DA:76,2
DA:77,8
DA:78,2
DA:87,2
DA:92,0
DA:93,0
DA:98,0
DA:100,0
DA:101,0
DA:102,0
DA:103,0
DA:104,0
DA:106,0
DA:107,0
DA:113,4
DA:118,2
DA:120,2
DA:121,4
DA:122,2
DA:123,4
DA:125,4
DA:126,4
DA:127,2
LF:47
LH:35
end_of_record
SF:lib/presentation/widget/titled_card.dart
DA:14,2
DA:23,2
DA:25,2
DA:27,4
DA:28,2
DA:30,2
DA:31,2
DA:33,2
DA:34,2
DA:35,2
DA:36,2
DA:37,4
DA:42,2
DA:43,0
DA:44,0
DA:45,0
DA:46,0
DA:47,0
DA:48,0
DA:49,0
DA:56,4
DA:57,2
LF:22
LH:15
end_of_record
SF:lib/services/dio/dio_adapter.dart
DA:11,0
DA:12,0
DA:13,0
DA:14,0
DA:15,0
DA:16,0
DA:17,0
DA:18,0
DA:19,0
DA:21,0
DA:24,0
DA:25,0
DA:29,0
DA:33,0
DA:34,0
DA:35,0
DA:36,0
DA:37,0
DA:38,0
DA:39,0
DA:41,0
DA:42,0
DA:43,0
DA:44,0
DA:45,0
DA:46,0
DA:47,0
DA:48,0
DA:49,0
DA:50,0
DA:51,0
DA:52,0
DA:53,0
DA:54,0
DA:55,0
DA:56,0
DA:57,0
DA:58,0
DA:59,0
DA:60,0
DA:61,0
DA:63,0
DA:65,0
DA:67,0
DA:68,0
DA:70,0
DA:75,0
DA:78,0
DA:79,0
DA:80,0
LF:50
LH:0
end_of_record
SF:lib/services/dio/dio_http_client.dart
DA:6,0
DA:8,0
DA:10,0
DA:11,0
DA:12,0
DA:13,0
DA:14,0
DA:18,0
DA:20,0
DA:21,0
DA:22,0
DA:23,0
DA:24,0
DA:28,0
DA:30,0
DA:31,0
DA:32,0
DA:33,0
DA:34,0
DA:38,0
DA:40,0
DA:41,0
DA:42,0
DA:43,0
DA:44,0
DA:50,0
LF:26
LH:0
end_of_record
